<?xml version="1.0" encoding="UTF-8"?>
<!-- Generated by org.testng.reporters.JUnitXMLReporter -->
<testsuite ignored="2" hostname="DESKTOP-N1NG7JA" failures="1" tests="6" name="TestRunner_chrome" time="142.348" errors="0" timestamp="2024-06-18T17:08:45 IST">
  <testcase classname="com.comcast.crm.organizationmoduleTest.CreateOrganizationTest" name="createOrgTest" time="21.45"/>
  <testcase classname="com.comcast.crm.organizationmoduleTest.CreateOrganizationTest" name="createOrgWithIndustryAndIndTypeTest" time="16.823"/>
  <testcase classname="com.comcast.crm.organizationmoduleTest.CreateOrganizationTest" name="createOrgWithPhNumberTest" time="17.081"/>
  <testcase classname="com.comcast.crm.contactModuleTest.CreateContactTest" name="createContactTest" time="20.285"/>
  <testcase classname="com.comcast.crm.contactModuleTest.CreateContactTest" name="createContactWithOrgTest" time="23.71">
    <failure type="org.openqa.selenium.NoSuchElementException" message="Unable to find element with locator By.name: lastname
For documentation on this error, please visit: https://www.selenium.dev/documentation/webdriver/troubleshooting/errors#no-such-element-exception
Build info: version: &amp;apos;4.20.0&amp;apos;, revision: &amp;apos;866c76ca80&amp;apos;
System info: os.name: &amp;apos;Windows 10&amp;apos;, os.arch: &amp;apos;amd64&amp;apos;, os.version: &amp;apos;10.0&amp;apos;, java.version: &amp;apos;17.0.7&amp;apos;
Driver info: driver.version: RemoteWebDriver">
      <![CDATA[org.openqa.selenium.NoSuchElementException: Unable to find element with locator By.name: lastname
For documentation on this error, please visit: https://www.selenium.dev/documentation/webdriver/troubleshooting/errors#no-such-element-exception
Build info: version: '4.20.0', revision: '866c76ca80'
System info: os.name: 'Windows 10', os.arch: 'amd64', os.version: '10.0', java.version: '17.0.7'
Driver info: driver.version: RemoteWebDriver
at org.openqa.selenium.remote.ElementLocation$ElementFinder$2.findElement(ElementLocation.java:168)
at org.openqa.selenium.remote.ElementLocation.findElement(ElementLocation.java:59)
at org.openqa.selenium.remote.RemoteWebDriver.findElement(RemoteWebDriver.java:355)
at org.openqa.selenium.remote.RemoteWebDriver.findElement(RemoteWebDriver.java:349)
at org.openqa.selenium.support.pagefactory.DefaultElementLocator.findElement(DefaultElementLocator.java:68)
at org.openqa.selenium.support.pagefactory.internal.LocatingElementHandler.invoke(LocatingElementHandler.java:38)
at jdk.proxy2/jdk.proxy2.$Proxy17.sendKeys(Unknown Source)
at com.comcast.crm.contactModuleTest.CreateContactTest.createContactWithOrgTest(CreateContactTest.java:130)
at java.base/java.util.ArrayList.forEach(ArrayList.java:1511)
at java.base/java.util.concurrent.FutureTask.run(FutureTask.java:264)
at java.base/java.util.concurrent.ThreadPoolExecutor.runWorker(ThreadPoolExecutor.java:1136)
at java.base/java.util.concurrent.ThreadPoolExecutor$Worker.run(ThreadPoolExecutor.java:635)
at java.base/java.lang.Thread.run(Thread.java:833)
... Removed 17 stack frames]]>
    </failure>
  </testcase> <!-- createContactWithOrgTest -->
  <testcase classname="com.comcast.crm.contactModuleTest.CreateContactTest" name="createContactWithSupportDateTest" time="0.0">
    <skipped/>
  </testcase> <!-- createContactWithSupportDateTest -->
  <testcase classname="com.comcast.crm.baseTest.BaseClass" name="@AfterSuite configAfterSuit" time="0.0">
    <ignored/>
  </testcase> <!-- @AfterSuite configAfterSuit -->
  <testcase classname="com.comcast.crm.baseTest.BaseClass" name="@BeforeSuite configBeforeSuit" time="0.0">
    <ignored/>
  </testcase> <!-- @BeforeSuite configBeforeSuit -->
</testsuite> <!-- TestRunner_chrome -->
